<?xml version="1.0" encoding="UTF-8"?>
<!-- Generated by org.testng.reporters.JUnitXMLReporter -->
<testsuite ignored="0" hostname="ubuntu22" failures="2" tests="6" name="Package Sample case" time="0.018" errors="0" timestamp="2022-07-25T17:55:29 IST">
  <testcase classname="com.testng.practice.Sample2" name="method1" time="0.001"/>
  <testcase classname="com.testng.practice.Sample2" name="method2" time="0.001"/>
  <testcase classname="com.testng.practice.TestParameter" name="testBrowser" time="0.0">
    <failure type="org.testng.TestNGException" message="
Parameter &amp;apos;browser&amp;apos; is required by @Test on method testBrowser but has not been marked @Optional or defined
in /home/theuser/Documents/selenium-ws/MyTestNGProject/testng.xml">
      <![CDATA[org.testng.TestNGException: 
Parameter 'browser' is required by @Test on method testBrowser but has not been marked @Optional or defined
in /home/theuser/Documents/selenium-ws/MyTestNGProject/testng.xml
at java.base/java.util.ArrayList.forEach(ArrayList.java:1511)
... Removed 27 stack frames]]>
    </failure>
  </testcase> <!-- testBrowser -->
  <testcase classname="com.testng.practice.TestParameter" name="testLogin" time="0.0">
    <failure type="org.testng.TestNGException" message="
Parameter &amp;apos;username&amp;apos; is required by @Test on method testLogin but has not been marked @Optional or defined
in /home/theuser/Documents/selenium-ws/MyTestNGProject/testng.xml">
      <![CDATA[org.testng.TestNGException: 
Parameter 'username' is required by @Test on method testLogin but has not been marked @Optional or defined
in /home/theuser/Documents/selenium-ws/MyTestNGProject/testng.xml
at java.base/java.util.ArrayList.forEach(ArrayList.java:1511)
... Removed 27 stack frames]]>
    </failure>
  </testcase> <!-- testLogin -->
  <testcase classname="com.testng.practice.Sample1" name="method1" time="0.001"/>
  <testcase classname="com.testng.practice.Sample1" name="method2" time="0.001"/>
</testsuite> <!-- Package Sample case -->
